<?xml version="1.0" encoding="UTF-8" ?>
<testsuite tests="23" failures="0" name="es.deusto.testing.junit.MoneyTest" time="0.041" errors="0" skipped="0">
  <properties>
[...]
</properties>
  <testcase classname="es.deusto.testing.junit.MoneyTest" name="zeroMoniesAreEqualRegardlessOfCurrency" time="0.036"/>
  <testcase classname="es.deusto.testing.junit.MoneyTest" name="testSimpleMultiply" time="0"/>
  <testcase classname="es.deusto.testing.junit.MoneyTest" name="testMixedSimpleAdd" time="0"/>
  <testcase classname="es.deusto.testing.junit.MoneyTest" name="testSimpleSubtract" time="0"/>
  <testcase classname="es.deusto.testing.junit.MoneyTest" name="testMoneyBagEquals" time="0"/>
  <testcase classname="es.deusto.testing.junit.MoneyTest" name="testNormalize2" time="0"/>
  <testcase classname="es.deusto.testing.junit.MoneyTest" name="testPrint" time="0"/>
  <testcase classname="es.deusto.testing.junit.MoneyTest" name="testSimpleNegate" time="0"/>
  <testcase classname="es.deusto.testing.junit.MoneyTest" name="testIsZero" time="0"/>
  <testcase classname="es.deusto.testing.junit.MoneyTest" name="testNormalize3" time="0.001"/>
  <testcase classname="es.deusto.testing.junit.MoneyTest" name="testBagMultiply" time="0.001"/>
  <testcase classname="es.deusto.testing.junit.MoneyTest" name="testBagSimpleAdd" time="0"/>
  <testcase classname="es.deusto.testing.junit.MoneyTest" name="testSimpleAdd" time="0.001"/>
  <testcase classname="es.deusto.testing.junit.MoneyTest" name="testSimplify" time="0"/>
  <testcase classname="es.deusto.testing.junit.MoneyTest" name="testBagSumAdd" time="0"/>
  <testcase classname="es.deusto.testing.junit.MoneyTest" name="testMoneyHash" time="0.001"/>
  <testcase classname="es.deusto.testing.junit.MoneyTest" name="testNormalize4" time="0"/>
  <testcase classname="es.deusto.testing.junit.MoneyTest" name="testSimpleBagAdd" time="0"/>
  <testcase classname="es.deusto.testing.junit.MoneyTest" name="testBagNotEquals" time="0"/>
  <testcase classname="es.deusto.testing.junit.MoneyTest" name="testMoneyEquals" time="0"/>
  <testcase classname="es.deusto.testing.junit.MoneyTest" name="testMoneyBagHash" time="0"/>
  <testcase classname="es.deusto.testing.junit.MoneyTest" name="testBagNegate" time="0"/>
  <testcase classname="es.deusto.testing.junit.MoneyTest" name="testBagSubtract" time="0.001"/>
</testsuite>